# JRE version: OpenJDK Runtime Environment (7.0_79-b14) (build 1.7.0_79-b14)
# Java VM: OpenJDK Server VM (24.79-b02 mixed mode linux-x86 )
Heap
 PSYoungGen      total 308736K, used 16158K [0x9dd40000, 0xb32c0000, 0xb32c0000)
  eden space 267776K, 6% used [0x9dd40000,0x9ed078e8,0xae2c0000)
  from space 40960K, 0% used [0xae2c0000,0xae2c0000,0xb0ac0000)
  to   space 40192K, 0% used [0xb0b80000,0xb0b80000,0xb32c0000)
 ParOldGen       total 96000K, used 95993K [0x732c0000, 0x79080000, 0x9dd40000)
  object space 96000K, 99% used [0x732c0000,0x7907e450,0x79080000)
 PSPermGen       total 101632K, used 88641K [0x632c0000, 0x69600000, 0x732c0000)
  object space 101632K, 87% used [0x632c0000,0x689506a0,0x69600000)
GC Heap History (10 events):
Event: 1706,965 GC heap after
Heap after GC invocations=22 (full 7):
 PSYoungGen      total 308736K, used 28919K [0x9dd40000, 0xb32c0000, 0xb32c0000)
  eden space 276224K, 0% used [0x9dd40000,0x9dd40000,0xaeb00000)
  from space 32512K, 88% used [0xaeb00000,0xb073df78,0xb0ac0000)
  to   space 36096K, 0% used [0xb0f80000,0xb0f80000,0xb32c0000)
 ParOldGen       total 96000K, used 43227K [0x732c0000, 0x79080000, 0x9dd40000)
  object space 96000K, 45% used [0x732c0000,0x75cf6d08,0x79080000)
 PSPermGen       total 83968K, used 69665K [0x632c0000, 0x684c0000, 0x732c0000)
  object space 83968K, 82% used [0x632c0000,0x676c8520,0x684c0000)
}
Event: 1714,245 GC heap before
{Heap before GC invocations=23 (full 7):
 PSYoungGen      total 308736K, used 188828K [0x9dd40000, 0xb32c0000, 0xb32c0000)
  eden space 276224K, 57% used [0x9dd40000,0xa7969310,0xaeb00000)
  from space 32512K, 88% used [0xaeb00000,0xb073df78,0xb0ac0000)
  to   space 36096K, 0% used [0xb0f80000,0xb0f80000,0xb32c0000)
 ParOldGen       total 96000K, used 43227K [0x732c0000, 0x79080000, 0x9dd40000)
  object space 96000K, 45% used [0x732c0000,0x75cf6d08,0x79080000)
 PSPermGen       total 83968K, used 73980K [0x632c0000, 0x684c0000, 0x732c0000)
  object space 83968K, 88% used [0x632c0000,0x67aff2f0,0x684c0000)
Event: 1714,322 GC heap after
Heap after GC invocations=23 (full 7):
 PSYoungGen      total 303872K, used 33536K [0x9dd40000, 0xb32c0000, 0xb32c0000)
  eden space 267776K, 0% used [0x9dd40000,0x9dd40000,0xae2c0000)
  from space 36096K, 92% used [0xb0f80000,0xb30401e8,0xb32c0000)
  to   space 40960K, 0% used [0xae2c0000,0xae2c0000,0xb0ac0000)
 ParOldGen       total 96000K, used 43227K [0x732c0000, 0x79080000, 0x9dd40000)
  object space 96000K, 45% used [0x732c0000,0x75cf6d08,0x79080000)
 PSPermGen       total 83968K, used 73980K [0x632c0000, 0x684c0000, 0x732c0000)
  object space 83968K, 88% used [0x632c0000,0x67aff2f0,0x684c0000)
}
Event: 1714,323 GC heap before
{Heap before GC invocations=24 (full 8):
 PSYoungGen      total 303872K, used 33536K [0x9dd40000, 0xb32c0000, 0xb32c0000)
  eden space 267776K, 0% used [0x9dd40000,0x9dd40000,0xae2c0000)
  from space 36096K, 92% used [0xb0f80000,0xb30401e8,0xb32c0000)
  to   space 40960K, 0% used [0xae2c0000,0xae2c0000,0xb0ac0000)
 ParOldGen       total 96000K, used 43227K [0x732c0000, 0x79080000, 0x9dd40000)
  object space 96000K, 45% used [0x732c0000,0x75cf6d08,0x79080000)
 PSPermGen       total 83968K, used 73980K [0x632c0000, 0x684c0000, 0x732c0000)
  object space 83968K, 88% used [0x632c0000,0x67aff2f0,0x684c0000)
Event: 1715,065 GC heap after
Heap after GC invocations=24 (full 8):
 PSYoungGen      total 303872K, used 0K [0x9dd40000, 0xb32c0000, 0xb32c0000)
  eden space 267776K, 0% used [0x9dd40000,0x9dd40000,0xae2c0000)
  from space 36096K, 0% used [0xb0f80000,0xb0f80000,0xb32c0000)
  to   space 40960K, 0% used [0xae2c0000,0xae2c0000,0xb0ac0000)
 ParOldGen       total 96000K, used 75416K [0x732c0000, 0x79080000, 0x9dd40000)
  object space 96000K, 78% used [0x732c0000,0x77c663d8,0x79080000)
 PSPermGen       total 97280K, used 73970K [0x632c0000, 0x691c0000, 0x732c0000)
  object space 97280K, 76% used [0x632c0000,0x67afc910,0x691c0000)
}
Event: 2033,601 GC heap before
{Heap before GC invocations=25 (full 8):
 PSYoungGen      total 303872K, used 210578K [0x9dd40000, 0xb32c0000, 0xb32c0000)
  eden space 267776K, 78% used [0x9dd40000,0xaaae48a0,0xae2c0000)
  from space 36096K, 0% used [0xb0f80000,0xb0f80000,0xb32c0000)
  to   space 40960K, 0% used [0xae2c0000,0xae2c0000,0xb0ac0000)
 ParOldGen       total 96000K, used 75416K [0x732c0000, 0x79080000, 0x9dd40000)
  object space 96000K, 78% used [0x732c0000,0x77c663d8,0x79080000)
 PSPermGen       total 97280K, used 80344K [0x632c0000, 0x691c0000, 0x732c0000)
  object space 97280K, 82% used [0x632c0000,0x68136088,0x691c0000)
Event: 2033,655 GC heap after
Heap after GC invocations=25 (full 8):
 PSYoungGen      total 308736K, used 21962K [0x9dd40000, 0xb32c0000, 0xb32c0000)
  eden space 267776K, 0% used [0x9dd40000,0x9dd40000,0xae2c0000)
  from space 40960K, 53% used [0xae2c0000,0xaf832aa8,0xb0ac0000)
  to   space 40192K, 0% used [0xb0b80000,0xb0b80000,0xb32c0000)
 ParOldGen       total 96000K, used 75416K [0x732c0000, 0x79080000, 0x9dd40000)
  object space 96000K, 78% used [0x732c0000,0x77c663d8,0x79080000)
 PSPermGen       total 97280K, used 80344K [0x632c0000, 0x691c0000, 0x732c0000)
  object space 97280K, 82% used [0x632c0000,0x68136088,0x691c0000)
}
Event: 2033,655 GC heap before
{Heap before GC invocations=26 (full 9):
 PSYoungGen      total 308736K, used 21962K [0x9dd40000, 0xb32c0000, 0xb32c0000)
  eden space 267776K, 0% used [0x9dd40000,0x9dd40000,0xae2c0000)
  from space 40960K, 53% used [0xae2c0000,0xaf832aa8,0xb0ac0000)
  to   space 40192K, 0% used [0xb0b80000,0xb0b80000,0xb32c0000)
 ParOldGen       total 96000K, used 75416K [0x732c0000, 0x79080000, 0x9dd40000)
  object space 96000K, 78% used [0x732c0000,0x77c663d8,0x79080000)
 PSPermGen       total 97280K, used 80344K [0x632c0000, 0x691c0000, 0x732c0000)
  object space 97280K, 82% used [0x632c0000,0x68136088,0x691c0000)
Event: 2034,274 GC heap after
Heap after GC invocations=26 (full 9):
 PSYoungGen      total 308736K, used 0K [0x9dd40000, 0xb32c0000, 0xb32c0000)
  eden space 267776K, 0% used [0x9dd40000,0x9dd40000,0xae2c0000)
  from space 40960K, 0% used [0xae2c0000,0xae2c0000,0xb0ac0000)
  to   space 40192K, 0% used [0xb0b80000,0xb0b80000,0xb32c0000)
 ParOldGen       total 96000K, used 92649K [0x732c0000, 0x79080000, 0x9dd40000)
  object space 96000K, 96% used [0x732c0000,0x78d3a658,0x79080000)
 PSPermGen       total 101632K, used 80338K [0x632c0000, 0x69600000, 0x732c0000)
  object space 101632K, 79% used [0x632c0000,0x68134be8,0x69600000)
}
Event: 2304,385 GC heap before
{Heap before GC invocations=27 (full 10):
 PSYoungGen      total 308736K, used 267776K [0x9dd40000, 0xb32c0000, 0xb32c0000)
  eden space 267776K, 100% used [0x9dd40000,0xae2c0000,0xae2c0000)
  from space 40960K, 0% used [0xae2c0000,0xae2c0000,0xb0ac0000)
  to   space 40192K, 0% used [0xb0b80000,0xb0b80000,0xb32c0000)
 ParOldGen       total 96000K, used 92649K [0x732c0000, 0x79080000, 0x9dd40000)
  object space 96000K, 96% used [0x732c0000,0x78d3a658,0x79080000)
 PSPermGen       total 101632K, used 88647K [0x632c0000, 0x69600000, 0x732c0000)
  object space 101632K, 87% used [0x632c0000,0x68951ff0,0x69600000)

